f:\андрій\git repositories\ta_labs\b-tree (labta-5.2)\b-tree\debug\b-tree.pch.codeanalysis
f:\андрій\git repositories\ta_labs\b-tree (labta-5.2)\b-tree\debug\vc141.pdb
f:\андрій\git repositories\ta_labs\b-tree (labta-5.2)\b-tree\debug\vc141.idb
f:\андрій\git repositories\ta_labs\b-tree (labta-5.2)\b-tree\debug\b-tree.pch.codeanalysisast
f:\андрій\git repositories\ta_labs\b-tree (labta-5.2)\b-tree\debug\pch.nativecodeanalysis.xml
f:\андрій\git repositories\ta_labs\b-tree (labta-5.2)\b-tree\debug\pch.obj
f:\андрій\git repositories\ta_labs\b-tree (labta-5.2)\b-tree\debug\b-tree.nativecodeanalysis.xml
f:\андрій\git repositories\ta_labs\b-tree (labta-5.2)\b-tree\debug\b-tree.obj
f:\андрій\git repositories\ta_labs\b-tree (labta-5.2)\debug\b-tree.ilk
f:\андрій\git repositories\ta_labs\b-tree (labta-5.2)\debug\b-tree.exe
f:\андрій\git repositories\ta_labs\b-tree (labta-5.2)\debug\b-tree.pdb
f:\андрій\git repositories\ta_labs\b-tree (labta-5.2)\b-tree\debug\nativecodeanalysis.read.1.tlog
f:\андрій\git repositories\ta_labs\b-tree (labta-5.2)\b-tree\debug\vc.nativecodeanalysis.all.xml
f:\андрій\git repositories\ta_labs\b-tree (labta-5.2)\debug\b-tree.exe.lastcodeanalysissucceeded
f:\андрій\git repositories\ta_labs\b-tree (labta-5.2)\b-tree\debug\b-tree.tlog\cl.command.1.tlog
f:\андрій\git repositories\ta_labs\b-tree (labta-5.2)\b-tree\debug\b-tree.tlog\cl.read.1.tlog
f:\андрій\git repositories\ta_labs\b-tree (labta-5.2)\b-tree\debug\b-tree.tlog\cl.write.1.tlog
f:\андрій\git repositories\ta_labs\b-tree (labta-5.2)\b-tree\debug\b-tree.tlog\link.command.1.tlog
f:\андрій\git repositories\ta_labs\b-tree (labta-5.2)\b-tree\debug\b-tree.tlog\link.read.1.tlog
f:\андрій\git repositories\ta_labs\b-tree (labta-5.2)\b-tree\debug\b-tree.tlog\link.write.1.tlog
